[done] Exp7_Generalization_R04 | B_balanced_QC_12x24_Z32 | UniformParity | EbN0=1.75
[done] Exp7_Generalization_R04 | B_balanced_QC_12x24_Z32 | UniformParity | EbN0=2
[done] Exp7_Generalization_R04 | B_balanced_QC_12x24_Z32 | UniformParity | EbN0=2.25
[done] Exp7_Generalization_R04 | B_balanced_QC_12x24_Z32 | HotspotOnlyParity | EbN0=1.75
[done] Exp7_Generalization_R04 | B_balanced_QC_12x24_Z32 | HotspotOnlyParity | EbN0=2
[done] Exp7_Generalization_R04 | B_balanced_QC_12x24_Z32 | HotspotOnlyParity | EbN0=2.25
[done] Exp7_Generalization_R04 | B_balanced_QC_12x24_Z32 | ExtParityV2 | EbN0=1.75
[done] Exp7_Generalization_R04 | B_balanced_QC_12x24_Z32 | ExtParityV2 | EbN0=2
[done] Exp7_Generalization_R04 | B_balanced_QC_12x24_Z32 | ExtParityV2 | EbN0=2.25
[done] Exp7_Generalization_R04 | B_balanced_QC_12x24_Z32 | AdaptiveStructV2 | EbN0=1.75
[done] Exp7_Generalization_R04 | B_balanced_QC_12x24_Z32 | AdaptiveStructV2 | EbN0=2
[done] Exp7_Generalization_R04 | B_balanced_QC_12x24_Z32 | AdaptiveStructV2 | EbN0=2.25
[done] Exp7_Generalization_R04 | C_long_QC_14x28_Z32 | UniformParity | EbN0=1.75
[done] Exp7_Generalization_R04 | C_long_QC_14x28_Z32 | UniformParity | EbN0=2
[done] Exp7_Generalization_R04 | C_long_QC_14x28_Z32 | UniformParity | EbN0=2.25
[done] Exp7_Generalization_R04 | C_long_QC_14x28_Z32 | HotspotOnlyParity | EbN0=1.75
[done] Exp7_Generalization_R04 | C_long_QC_14x28_Z32 | HotspotOnlyParity | EbN0=2
[done] Exp7_Generalization_R04 | C_long_QC_14x28_Z32 | HotspotOnlyParity | EbN0=2.25
[done] Exp7_Generalization_R04 | C_long_QC_14x28_Z32 | ExtParityV2 | EbN0=1.75
[done] Exp7_Generalization_R04 | C_long_QC_14x28_Z32 | ExtParityV2 | EbN0=2
[done] Exp7_Generalization_R04 | C_long_QC_14x28_Z32 | ExtParityV2 | EbN0=2.25
[done] Exp7_Generalization_R04 | C_long_QC_14x28_Z32 | AdaptiveStructV2 | EbN0=1.75
[done] Exp7_Generalization_R04 | C_long_QC_14x28_Z32 | AdaptiveStructV2 | EbN0=2
[done] Exp7_Generalization_R04 | C_long_QC_14x28_Z32 | AdaptiveStructV2 | EbN0=2.25
[done] Exp7_Generalization_R04 | D_short_hotspot_QC_8x16_Z32 | UniformParity | EbN0=1.75
[done] Exp7_Generalization_R04 | D_short_hotspot_QC_8x16_Z32 | UniformParity | EbN0=2
[done] Exp7_Generalization_R04 | D_short_hotspot_QC_8x16_Z32 | UniformParity | EbN0=2.25
[done] Exp7_Generalization_R04 | D_short_hotspot_QC_8x16_Z32 | HotspotOnlyParity | EbN0=1.75
[done] Exp7_Generalization_R04 | D_short_hotspot_QC_8x16_Z32 | HotspotOnlyParity | EbN0=2
[done] Exp7_Generalization_R04 | D_short_hotspot_QC_8x16_Z32 | HotspotOnlyParity | EbN0=2.25
[done] Exp7_Generalization_R04 | D_short_hotspot_QC_8x16_Z32 | ExtParityV2 | EbN0=1.75
[done] Exp7_Generalization_R04 | D_short_hotspot_QC_8x16_Z32 | ExtParityV2 | EbN0=2
[done] Exp7_Generalization_R04 | D_short_hotspot_QC_8x16_Z32 | ExtParityV2 | EbN0=2.25
[done] Exp7_Generalization_R04 | D_short_hotspot_QC_8x16_Z32 | AdaptiveStructV2 | EbN0=1.75
[done] Exp7_Generalization_R04 | D_short_hotspot_QC_8x16_Z32 | AdaptiveStructV2 | EbN0=2
[done] Exp7_Generalization_R04 | D_short_hotspot_QC_8x16_Z32 | AdaptiveStructV2 | EbN0=2.25
saved exp7_results.csv rows=36
